[INFO] 2017-09-28 11:11:58 服务端启动
[INFO] 2017-09-28 11:12:13 客户端启动
[INFO] 2017-09-28 11:12:13 客服端开始备份
[INFO] 2017-09-28 11:12:14 备份完成
[INFO] 2017-09-28 11:12:18 服务端正在备份
[INFO] 2017-09-28 11:12:19 备份完成
[INFO] 2017-09-28 11:12:19 准备往数据库发送43412条数据
[INFO] 2017-09-28 11:12:19 入库成功
[INFO] 2017-09-28 11:30:34 服务端启动
[INFO] 2017-09-28 11:30:48 客户端启动
[INFO] 2017-09-28 11:30:48 开始采集数据
[INFO] 2017-09-28 11:30:49 残留数据大小:502
[INFO] 2017-09-28 11:30:49 开始采集数据
[INFO] 2017-09-28 11:30:49 残留数据大小:502
[INFO] 2017-09-28 11:30:49 客服端开始备份
[INFO] 2017-09-28 11:30:50 备份完成
[INFO] 2017-09-28 11:30:53 服务端正在备份
[INFO] 2017-09-28 11:30:54 备份完成
[INFO] 2017-09-28 11:30:54 准备往数据库发送43412条数据
[INFO] 2017-09-28 11:30:54 入库成功
[INFO] 2017-09-28 12:04:19 服务端启动
[INFO] 2017-09-28 12:04:34 客户端启动
[ERROR] 2017-09-28 12:04:34 nullcanliushuju文件不存在
[INFO] 2017-09-28 12:04:34 开始采集数据
[INFO] 2017-09-28 12:05:35 服务端启动
[INFO] 2017-09-28 12:05:50 客户端启动
[ERROR] 2017-09-28 12:05:50 gath/data/canliushuju文件不存在
[INFO] 2017-09-28 12:05:50 开始采集数据
[INFO] 2017-09-28 12:07:35 服务端启动
[INFO] 2017-09-28 12:07:50 客户端启动
[ERROR] 2017-09-28 12:07:50 gath/data/canliushuju文件不存在
[INFO] 2017-09-28 12:09:57 服务端启动
[INFO] 2017-09-28 12:10:12 客户端启动
[ERROR] 2017-09-28 12:10:12 gath/data/canliushuju文件不存在
[INFO] 2017-09-28 12:10:59 服务端启动
[INFO] 2017-09-28 12:11:14 客户端启动
[ERROR] 2017-09-28 12:11:14 {}
[ERROR] 2017-09-28 12:11:14 gath/data/canliushuju文件不存在
[INFO] 2017-09-28 12:14:20 服务端启动
[INFO] 2017-09-28 12:14:37 客户端启动
[ERROR] 2017-09-28 12:14:37 {}
[ERROR] 2017-09-28 12:14:37 gath/data/canliushuju文件不存在
[INFO] 2017-09-28 12:14:37 开始采集数据
[INFO] 2017-09-28 12:14:37 残留数据大小:502
[ERROR] 2017-09-28 12:14:37 FileNotFound
java.io.FileNotFoundException: gath\data\canliushuju (系统找不到指定的路径。)
[INFO] 2017-09-28 12:14:37 客服端开始备份
[INFO] 2017-09-28 13:07:28 服务端启动
[INFO] 2017-09-28 13:07:44 客户端启动
[ERROR] 2017-09-28 13:07:44 {}
[ERROR] 2017-09-28 13:07:44 gather/data/canliushuju文件不存在
[INFO] 2017-09-28 13:07:44 开始采集数据
[INFO] 2017-09-28 13:07:44 残留数据大小:502
[INFO] 2017-09-28 13:07:44 gather/data/canliushuju备份完成
[INFO] 2017-09-28 13:07:44 客服端开始备份
[INFO] 2017-09-28 13:07:45 gather/data/client.bak备份完成
[INFO] 2017-09-28 13:07:49 服务端正在备份
[INFO] 2017-09-28 13:07:50 gather/data/server.bak备份完成
[INFO] 2017-09-28 13:07:50 准备往数据库发送43412条数据
[INFO] 2017-09-28 13:07:50 入库成功
[INFO] 2017-09-28 13:08:10 客户端启动
[ERROR] 2017-09-28 13:08:10 {}
[INFO] 2017-09-28 13:08:11 gather/data/canliushuju删除成功
[INFO] 2017-09-28 13:08:11 开始采集数据
[INFO] 2017-09-28 13:08:11 残留数据大小:502
[INFO] 2017-09-28 13:08:11 gather/data/canliushuju备份完成
[INFO] 2017-09-28 13:08:11 客服端开始备份
[INFO] 2017-09-28 13:08:12 gather/data/client.bak备份完成
[INFO] 2017-09-28 13:08:15 服务端正在备份
[INFO] 2017-09-28 13:08:16 gather/data/server.bak备份完成
[INFO] 2017-09-28 13:08:16 准备往数据库发送43412条数据
[INFO] 2017-09-28 13:08:16 入库成功
[INFO] 2017-09-28 13:18:02 服务端启动
[INFO] 2017-09-28 13:18:16 客户端启动
[ERROR] 2017-09-28 13:18:16 {}
[ERROR] 2017-09-28 13:18:16 gather/data/canliushuju文件不存在
[INFO] 2017-09-28 13:18:16 开始采集数据
[INFO] 2017-09-28 13:18:16 残留数据大小:499
[INFO] 2017-09-28 13:18:16 gather/data/canliushuju备份完成
[INFO] 2017-09-28 13:18:16 客服端开始备份
[INFO] 2017-09-28 13:18:17 gather/data/client.bak备份完成
[INFO] 2017-09-28 13:18:18 服务端正在备份
[INFO] 2017-09-28 13:18:18 gather/data/server.bak备份完成
[INFO] 2017-09-28 13:18:18 准备往数据库发送14750条数据
[INFO] 2017-09-28 13:18:18 入库成功
[INFO] 2017-09-28 13:19:12 客户端启动
[ERROR] 2017-09-28 13:19:12 {}
[INFO] 2017-09-28 13:19:12 gather/data/canliushuju删除成功
[INFO] 2017-09-28 13:19:12 开始采集数据
[INFO] 2017-09-28 13:19:12 残留数据大小:502
[INFO] 2017-09-28 13:19:12 gather/data/canliushuju备份完成
[INFO] 2017-09-28 13:19:12 客服端开始备份
[INFO] 2017-09-28 13:19:13 gather/data/client.bak备份完成
[INFO] 2017-09-28 13:19:15 服务端正在备份
[INFO] 2017-09-28 13:19:16 gather/data/server.bak备份完成
[INFO] 2017-09-28 13:19:16 准备往数据库发送28662条数据
[INFO] 2017-09-28 13:19:16 入库成功
[INFO] 2017-09-28 13:33:56 服务端启动
[INFO] 2017-09-28 13:35:33 客户端启动
[ERROR] 2017-09-28 13:37:00 {}
[INFO] 2017-09-28 13:37:00 gather/data/canliushuju删除成功
[INFO] 2017-09-28 13:37:00 开始采集数据
[ERROR] 2017-09-28 13:41:14 {}
[INFO] 2017-09-28 14:06:16 服务端启动
[INFO] 2017-09-28 14:06:31 客户端启动
[INFO] 2017-09-28 14:06:31 服务器正在接收数据
[INFO] 2017-09-28 14:06:31 gather/data/canliushuju删除成功
[INFO] 2017-09-28 14:06:31 上次残留数据大小502
[INFO] 2017-09-28 14:06:31 开始采集数据
[INFO] 2017-09-28 14:06:31 采集完成,本次残留数据大小:502
[INFO] 2017-09-28 14:06:31 开始备份残留数据
[INFO] 2017-09-28 14:06:31 gather/data/canliushuju备份完成
[INFO] 2017-09-28 14:06:31 客服端的bidrs开始备份
[INFO] 2017-09-28 14:06:32 gather/data/client.bak备份完成
[INFO] 2017-09-28 14:06:32 开始往服务器端传输数据,数据大小:43412
[INFO] 2017-09-28 14:06:36 接收成功
[INFO] 2017-09-28 14:06:36 服务端正在备份
[INFO] 2017-09-28 14:06:36 传输完成
[INFO] 2017-09-28 14:06:37 gather/data/server.bak备份完成
[INFO] 2017-09-28 14:06:37 准备往数据库发送43412条数据
[INFO] 2017-09-28 14:06:37 入库成功
[INFO] 2017-09-28 14:09:11 服务端启动
[INFO] 2017-09-28 14:09:25 客户端启动
[INFO] 2017-09-28 14:09:25 开始加载上次的残留数据
[INFO] 2017-09-28 14:09:25 服务器正在接收数据
[INFO] 2017-09-28 14:09:25 gather/data/canliushuju删除成功
[INFO] 2017-09-28 14:09:25 加载完成
[INFO] 2017-09-28 14:09:25 上次残留数据大小502
[INFO] 2017-09-28 14:09:25 开始采集数据
[INFO] 2017-09-28 14:09:26 采集完成,本次残留数据大小:502
[INFO] 2017-09-28 14:09:26 开始备份残留数据
[INFO] 2017-09-28 14:09:26 gather/data/canliushuju备份完成
[INFO] 2017-09-28 14:09:26 客服端的bidrs开始备份
[INFO] 2017-09-28 14:09:27 gather/data/client.bak备份完成
[INFO] 2017-09-28 14:09:27 开始往服务器端传输数据,数据大小:43412
[INFO] 2017-09-28 14:09:30 接收成功
[INFO] 2017-09-28 14:09:30 服务端正在备份
[INFO] 2017-09-28 14:09:30 传输完成
[INFO] 2017-09-28 14:09:31 gather/data/server.bak备份完成
[INFO] 2017-09-28 14:09:31 准备往数据库发送43412条数据
[INFO] 2017-09-28 14:09:31 入库成功
[INFO] 2017-09-28 14:14:43 服务端启动
[INFO] 2017-09-28 14:15:14 服务端启动
[INFO] 2017-09-28 14:15:30 客户端启动
[INFO] 2017-09-28 14:15:30 开始加载上次的残留数据
[INFO] 2017-09-28 14:15:30 服务器正在接收数据
[INFO] 2017-09-28 14:15:30 gather/data/canliushuju删除成功
[INFO] 2017-09-28 14:15:30 加载完成
[INFO] 2017-09-28 14:15:30 上次残留数据大小502
[INFO] 2017-09-28 14:15:30 开始采集数据
[INFO] 2017-09-28 14:15:30 采集完成,本次残留数据大小:1001
[INFO] 2017-09-28 14:15:30 开始备份残留数据
[INFO] 2017-09-28 14:15:30 gather/data/canliushuju备份完成
[INFO] 2017-09-28 14:15:30 客服端的bidrs开始备份
[INFO] 2017-09-28 14:15:30 gather/data/client.bak备份完成
[INFO] 2017-09-28 14:15:30 开始往服务器端传输数据,数据大小:14750
[INFO] 2017-09-28 14:15:31 接收成功
[INFO] 2017-09-28 14:15:31 服务端正在备份
[INFO] 2017-09-28 14:15:31 传输完成
[INFO] 2017-09-28 14:15:32 gather/data/server.bak备份完成
[INFO] 2017-09-28 14:15:32 准备往数据库发送14750条数据
[INFO] 2017-09-28 14:15:32 入库成功
[INFO] 2017-09-28 14:15:54 客户端启动
[INFO] 2017-09-28 14:15:54 开始加载上次的残留数据
[INFO] 2017-09-28 14:15:54 服务器正在接收数据
[INFO] 2017-09-28 14:15:55 gather/data/canliushuju删除成功
[INFO] 2017-09-28 14:15:55 加载完成
[INFO] 2017-09-28 14:15:55 上次残留数据大小1001
[INFO] 2017-09-28 14:15:55 开始采集数据
[INFO] 2017-09-28 14:15:55 采集完成,本次残留数据大小:502
[INFO] 2017-09-28 14:15:55 开始备份残留数据
[INFO] 2017-09-28 14:15:55 gather/data/canliushuju备份完成
[INFO] 2017-09-28 14:15:55 客服端的bidrs开始备份
[INFO] 2017-09-28 14:15:55 gather/data/client.bak备份完成
[INFO] 2017-09-28 14:15:55 开始往服务器端传输数据,数据大小:28662
[INFO] 2017-09-28 14:15:58 接收成功
[INFO] 2017-09-28 14:15:58 服务端正在备份
[INFO] 2017-09-28 14:15:58 传输完成
[INFO] 2017-09-28 14:15:58 gather/data/server.bak备份完成
[INFO] 2017-09-28 14:15:58 准备往数据库发送28662条数据
[INFO] 2017-09-28 14:15:58 入库成功
