[woss_server] -2017-09-15 10:31:59,169 [ERROR]   -------系统启动报错
java.lang.NullPointerException
	at com.briup.main.ServerMain.main(ServerMain.java:14)
[woss_server] -2017-09-15 10:34:51,754 [ERROR]   -------系统启动报错
java.lang.NullPointerException
	at com.briup.main.ServerMain.main(ServerMain.java:14)
[woss_server] -2017-09-15 10:36:16,150 [ERROR]   -------系统启动报错
java.lang.NullPointerException
	at com.briup.main.ServerMain.main(ServerMain.java:14)
[woss_server] -2017-09-15 10:39:12,994 [INFO]   -------开始接受数据...
[woss_server] -2017-09-15 10:40:02,587 [ERROR]   -------系统启动报错
java.net.BindException: Address already in use: JVM_Bind
	at java.net.DualStackPlainSocketImpl.bind0(Native Method)
	at java.net.DualStackPlainSocketImpl.socketBind(DualStackPlainSocketImpl.java:106)
	at java.net.AbstractPlainSocketImpl.bind(AbstractPlainSocketImpl.java:376)
	at java.net.PlainSocketImpl.bind(PlainSocketImpl.java:190)
	at java.net.ServerSocket.bind(ServerSocket.java:376)
	at java.net.ServerSocket.<init>(ServerSocket.java:237)
	at java.net.ServerSocket.<init>(ServerSocket.java:128)
	at com.briup.server.impl.ServerImpl.recive(ServerImpl.java:27)
	at com.briup.main.ServerMain.main(ServerMain.java:14)
[woss_server] -2017-09-15 10:40:14,912 [INFO]   -------开始接受数据...
[woss_server] -2017-09-15 10:41:22,742 [INFO]   -------开始接受数据...
[woss_server] -2017-09-15 10:44:50,690 [INFO]   -------开始接受数据...
[woss_server] -2017-09-15 10:45:03,764 [WARN]   -------
java.lang.NullPointerException
	at com.briup.server.ServerThread.run(ServerThread.java:33)
[woss_server] -2017-09-15 10:48:08,431 [INFO]   -------开始接受数据...
[woss_server] -2017-09-15 10:48:14,094 [INFO]   -------开始接受数据...
[woss_server] -2017-09-15 10:48:27,791 [WARN]   -------
java.lang.NullPointerException
	at com.briup.server.ServerThread.run(ServerThread.java:33)
[woss_server] -2017-09-15 10:49:52,687 [INFO]   -------开始接受数据...
[woss_server] -2017-09-15 10:49:57,975 [INFO]   -------开始接受数据...
[woss_server] -2017-09-15 10:50:56,067 [INFO]   -------开始接受数据...
[woss_server] -2017-09-15 10:52:54,862 [INFO]   -------开始接受数据...
[woss_server] -2017-09-15 10:53:22,148 [INFO]   -------开始接受数据...
[woss_server] -2017-09-15 10:54:24,486 [INFO]   -------开始接受数据...
[woss_server] -2017-09-15 10:54:31,476 [INFO]   -------开始接受数据...
[woss_server] -2017-09-15 10:56:03,892 [ERROR]   -------系统启动报错
java.net.BindException: Address already in use: JVM_Bind
	at java.net.DualStackPlainSocketImpl.bind0(Native Method)
	at java.net.DualStackPlainSocketImpl.socketBind(DualStackPlainSocketImpl.java:106)
	at java.net.AbstractPlainSocketImpl.bind(AbstractPlainSocketImpl.java:376)
	at java.net.PlainSocketImpl.bind(PlainSocketImpl.java:190)
	at java.net.ServerSocket.bind(ServerSocket.java:376)
	at java.net.ServerSocket.<init>(ServerSocket.java:237)
	at java.net.ServerSocket.<init>(ServerSocket.java:128)
	at com.briup.server.impl.ServerImpl.recive(ServerImpl.java:27)
	at com.briup.main.ServerMain.main(ServerMain.java:14)
[woss_server] -2017-09-15 10:56:18,213 [INFO]   -------开始接受数据...
[woss_server] -2017-09-15 10:57:15,934 [ERROR]   -------系统启动报错
java.net.BindException: Address already in use: JVM_Bind
	at java.net.DualStackPlainSocketImpl.bind0(Native Method)
	at java.net.DualStackPlainSocketImpl.socketBind(DualStackPlainSocketImpl.java:106)
	at java.net.AbstractPlainSocketImpl.bind(AbstractPlainSocketImpl.java:376)
	at java.net.PlainSocketImpl.bind(PlainSocketImpl.java:190)
	at java.net.ServerSocket.bind(ServerSocket.java:376)
	at java.net.ServerSocket.<init>(ServerSocket.java:237)
	at java.net.ServerSocket.<init>(ServerSocket.java:128)
	at com.briup.server.impl.ServerImpl.recive(ServerImpl.java:27)
	at com.briup.main.ServerMain.main(ServerMain.java:14)
[woss_server] -2017-09-15 10:57:24,889 [INFO]   -------开始接受数据...
[woss_server] -2017-09-15 10:57:30,583 [INFO]   -------开始接受数据...
[woss_server] -2017-09-15 10:57:43,906 [INFO]   -------开始入库....
[woss_server] -2017-09-15 10:57:44,407 [INFO]   -------加载备份rollback备份
[woss_server] -2017-09-15 11:03:01,223 [INFO]   -------开始接受数据...
[woss_server] -2017-09-15 11:03:06,761 [INFO]   -------开始接受数据...
[woss_server] -2017-09-15 11:03:20,352 [INFO]   -------开始入库....
[woss_server] -2017-09-15 11:03:20,493 [INFO]   -------加载备份rollback备份
[woss_server] -2017-09-15 11:09:28,465 [INFO]   -------开始接受数据...
[woss_server] -2017-09-15 11:09:33,519 [INFO]   -------开始接受数据...
[woss_server] -2017-09-15 11:09:46,811 [INFO]   -------开始入库....
[woss_server] -2017-09-15 11:09:46,953 [INFO]   -------加载备份rollback备份
[woss_server] -2017-09-15 14:51:16,765 [INFO]   -------开始接受数据...
[woss_server] -2017-09-15 14:51:23,963 [INFO]   -------开始接受数据...
[woss_server] -2017-09-15 14:51:23,973 [INFO]   -------开始入库....
[woss_server] -2017-09-15 14:51:24,126 [INFO]   -------加载备份rollback备份
[woss_server] -2017-09-15 15:10:30,212 [INFO]   -------开始接受数据...
[woss_server] -2017-09-15 15:10:42,213 [INFO]   -------开始接受数据...
[woss_server] -2017-09-15 15:10:42,241 [INFO]   -------开始入库....
[woss_server] -2017-09-15 15:10:42,408 [INFO]   -------加载备份数据
