[woss_client] -2017-09-26 23:25:42,824 [INFO] com.briup.client.impl.GatherImpl.gather(GatherImpl.java:54)  -------开始采集数据
[woss_client] -2017-09-26 23:25:42,828 [INFO] com.briup.client.impl.GatherImpl.gather(GatherImpl.java:62)  -------读取备份数据
[woss_client] -2017-09-26 23:25:43,094 [INFO] com.briup.client.impl.GatherImpl.gather(GatherImpl.java:104)  -------对不是同一天上下线的用户进行处理
[woss_client] -2017-09-26 23:25:43,098 [INFO] com.briup.client.impl.GatherImpl.gather(GatherImpl.java:135)  -------开始备份数据.....
[woss_client] -2017-09-26 23:25:43,137 [INFO] com.briup.client.impl.GatherImpl.gather(GatherImpl.java:138)  -------此次采集完整数据为:43412
[woss_client] -2017-09-26 23:25:43,137 [INFO] com.briup.client.impl.GatherImpl.gather(GatherImpl.java:139)  -------此次采集不完整数据为:502
[woss_client] -2017-09-26 23:25:43,138 [INFO] com.briup.client.impl.ClientImpl.send(ClientImpl.java:47)  -------进行传输时加载备份数据.....
[woss_client] -2017-09-26 23:25:43,138 [INFO] com.briup.client.impl.ClientImpl.send(ClientImpl.java:54)  -------开始发送数据.....
[woss_client] -2017-09-26 23:29:30,807 [INFO] com.briup.client.impl.GatherImpl.gather(GatherImpl.java:54)  -------开始采集数据
[woss_client] -2017-09-26 23:29:30,810 [INFO] com.briup.client.impl.GatherImpl.gather(GatherImpl.java:62)  -------读取备份数据
[woss_client] -2017-09-26 23:29:30,866 [INFO] com.briup.client.impl.GatherImpl.gather(GatherImpl.java:66)  -------这一次采集的数据要跳过的字符:4100934
[woss_client] -2017-09-26 23:29:30,921 [INFO] com.briup.client.impl.GatherImpl.gather(GatherImpl.java:71)  -------上一次采集遗留的不完整数据大小为：502
[woss_client] -2017-09-26 23:29:30,922 [INFO] com.briup.client.impl.GatherImpl.gather(GatherImpl.java:104)  -------对不是同一天上下线的用户进行处理
[woss_client] -2017-09-26 23:29:30,926 [INFO] com.briup.client.impl.GatherImpl.gather(GatherImpl.java:135)  -------开始备份数据.....
[woss_client] -2017-09-26 23:29:30,950 [INFO] com.briup.client.impl.GatherImpl.gather(GatherImpl.java:138)  -------此次采集完整数据为:0
[woss_client] -2017-09-26 23:29:30,950 [INFO] com.briup.client.impl.GatherImpl.gather(GatherImpl.java:139)  -------此次采集不完整数据为:502
[woss_client] -2017-09-26 23:29:30,951 [INFO] com.briup.client.impl.ClientImpl.send(ClientImpl.java:47)  -------进行传输时加载备份数据.....
[woss_client] -2017-09-26 23:29:30,951 [INFO] com.briup.client.impl.ClientImpl.send(ClientImpl.java:54)  -------开始发送数据.....
[woss_client] -2017-09-26 23:29:53,946 [INFO] com.briup.client.impl.GatherImpl.gather(GatherImpl.java:54)  -------开始采集数据
[woss_client] -2017-09-26 23:29:53,950 [INFO] com.briup.client.impl.GatherImpl.gather(GatherImpl.java:62)  -------读取备份数据
[woss_client] -2017-09-26 23:29:54,010 [INFO] com.briup.client.impl.GatherImpl.gather(GatherImpl.java:66)  -------这一次采集的数据要跳过的字符:4100934
[woss_client] -2017-09-26 23:29:54,071 [INFO] com.briup.client.impl.GatherImpl.gather(GatherImpl.java:71)  -------上一次采集遗留的不完整数据大小为：502
[woss_client] -2017-09-26 23:29:54,071 [INFO] com.briup.client.impl.GatherImpl.gather(GatherImpl.java:104)  -------对不是同一天上下线的用户进行处理
[woss_client] -2017-09-26 23:29:54,075 [INFO] com.briup.client.impl.GatherImpl.gather(GatherImpl.java:135)  -------开始备份数据.....
[woss_client] -2017-09-26 23:29:54,100 [INFO] com.briup.client.impl.GatherImpl.gather(GatherImpl.java:138)  -------此次采集完整数据为:0
[woss_client] -2017-09-26 23:29:54,100 [INFO] com.briup.client.impl.GatherImpl.gather(GatherImpl.java:139)  -------此次采集不完整数据为:502
[woss_client] -2017-09-26 23:29:54,100 [INFO] com.briup.client.impl.ClientImpl.send(ClientImpl.java:47)  -------进行传输时加载备份数据.....
[woss_client] -2017-09-26 23:29:54,100 [INFO] com.briup.client.impl.ClientImpl.send(ClientImpl.java:54)  -------开始发送数据.....
[woss_client] -2017-09-26 23:30:30,832 [INFO] com.briup.client.impl.GatherImpl.gather(GatherImpl.java:54)  -------开始采集数据
[woss_client] -2017-09-26 23:30:30,836 [INFO] com.briup.client.impl.GatherImpl.gather(GatherImpl.java:62)  -------读取备份数据
[woss_client] -2017-09-26 23:30:31,111 [INFO] com.briup.client.impl.GatherImpl.gather(GatherImpl.java:104)  -------对不是同一天上下线的用户进行处理
[woss_client] -2017-09-26 23:30:31,115 [INFO] com.briup.client.impl.GatherImpl.gather(GatherImpl.java:135)  -------开始备份数据.....
[woss_client] -2017-09-26 23:30:31,150 [INFO] com.briup.client.impl.GatherImpl.gather(GatherImpl.java:138)  -------此次采集完整数据为:43412
[woss_client] -2017-09-26 23:30:31,150 [INFO] com.briup.client.impl.GatherImpl.gather(GatherImpl.java:139)  -------此次采集不完整数据为:502
[woss_client] -2017-09-26 23:30:31,150 [INFO] com.briup.client.impl.ClientImpl.send(ClientImpl.java:47)  -------进行传输时加载备份数据.....
[woss_client] -2017-09-26 23:30:31,150 [INFO] com.briup.client.impl.ClientImpl.send(ClientImpl.java:54)  -------开始发送数据.....
[woss_client] -2017-09-27 10:18:38,534 [INFO] com.briup.client.impl.GatherImpl.gather(GatherImpl.java:54)  -------开始采集数据
[woss_client] -2017-09-27 10:18:38,537 [INFO] com.briup.client.impl.GatherImpl.gather(GatherImpl.java:62)  -------读取备份数据
[woss_client] -2017-09-27 10:18:38,598 [INFO] com.briup.client.impl.GatherImpl.gather(GatherImpl.java:66)  -------这一次采集的数据要跳过的字符:4100934
[woss_client] -2017-09-27 10:18:38,658 [INFO] com.briup.client.impl.GatherImpl.gather(GatherImpl.java:71)  -------上一次采集遗留的不完整数据大小为：502
[woss_client] -2017-09-27 10:18:38,658 [INFO] com.briup.client.impl.GatherImpl.gather(GatherImpl.java:104)  -------对不是同一天上下线的用户进行处理
[woss_client] -2017-09-27 10:18:38,710 [INFO] com.briup.client.impl.GatherImpl.gather(GatherImpl.java:135)  -------开始备份数据.....
[woss_client] -2017-09-27 10:18:38,741 [INFO] com.briup.client.impl.GatherImpl.gather(GatherImpl.java:138)  -------此次采集完整数据为:502
[woss_client] -2017-09-27 10:18:38,742 [INFO] com.briup.client.impl.GatherImpl.gather(GatherImpl.java:139)  -------此次采集不完整数据为:502
[woss_client] -2017-09-27 10:18:38,742 [INFO] com.briup.client.impl.ClientImpl.send(ClientImpl.java:47)  -------进行传输时加载备份数据.....
[woss_client] -2017-09-27 10:18:38,742 [INFO] com.briup.client.impl.ClientImpl.send(ClientImpl.java:54)  -------开始发送数据.....
